<?xml version="1.0" encoding="UTF-8"?>
<testsuite name="mitra.cristianmarques.facetec.FaceTecModuleTest" tests="26" skipped="0" failures="14" errors="0" timestamp="2025-08-13T11:51:15" hostname="Mac-mini-de-Cristian.local" time="6.224">
  <properties/>
  <testcase name="testUpdateConfig_SDKNotInitialized" classname="mitra.cristianmarques.facetec.FaceTecModuleTest" time="5.212"/>
  <testcase name="testGetDeviceInfo" classname="mitra.cristianmarques.facetec.FaceTecModuleTest" time="0.085">
    <failure message="java.lang.UnsatisfiedLinkError: no reactnativejni in java.library.path: /Users/cristian/Library/Java/Extensions:/Library/Java/Extensions:/Network/Library/Java/Extensions:/System/Library/Java/Extensions:/usr/lib/java:." type="java.lang.UnsatisfiedLinkError">java.lang.UnsatisfiedLinkError: no reactnativejni in java.library.path: /Users/cristian/Library/Java/Extensions:/Library/Java/Extensions:/Network/Library/Java/Extensions:/System/Library/Java/Extensions:/usr/lib/java:.
	at java.base/java.lang.ClassLoader.loadLibrary(ClassLoader.java:2434)
	at java.base/java.lang.Runtime.loadLibrary0(Runtime.java:818)
	at java.base/java.lang.System.loadLibrary(System.java:2006)
	at com.facebook.soloader.SoLoader.loadLibraryOnNonAndroid(SoLoader.java:926)
	at com.facebook.soloader.SoLoader.loadLibrary(SoLoader.java:882)
	at com.facebook.soloader.SoLoader.loadLibrary(SoLoader.java:869)
	at com.facebook.react.bridge.ReactBridge.staticInit(ReactBridge.java:34)
	at com.facebook.react.bridge.NativeMap.&lt;clinit&gt;(NativeMap.java:17)
	at com.facebook.react.bridge.Arguments.createMap(Arguments.java:159)
	at mitra.cristianmarques.facetec.FaceTecModule.getDeviceInfo(FaceTecModule.java:233)
	at mitra.cristianmarques.facetec.FaceTecModuleTest.testGetDeviceInfo(FaceTecModuleTest.java:230)
	at java.base/jdk.internal.reflect.NativeMethodAccessorImpl.invoke0(Native Method)
	at java.base/jdk.internal.reflect.NativeMethodAccessorImpl.invoke(NativeMethodAccessorImpl.java:77)
	at java.base/jdk.internal.reflect.DelegatingMethodAccessorImpl.invoke(DelegatingMethodAccessorImpl.java:43)
	at java.base/java.lang.reflect.Method.invoke(Method.java:569)
	at org.junit.runners.model.FrameworkMethod$1.runReflectiveCall(FrameworkMethod.java:59)
	at org.junit.internal.runners.model.ReflectiveCallable.run(ReflectiveCallable.java:12)
	at org.junit.runners.model.FrameworkMethod.invokeExplosively(FrameworkMethod.java:56)
	at org.junit.internal.runners.statements.InvokeMethod.evaluate(InvokeMethod.java:17)
	at org.junit.internal.runners.statements.RunBefores.evaluate(RunBefores.java:26)
	at org.junit.runners.ParentRunner$3.evaluate(ParentRunner.java:306)
	at org.robolectric.RobolectricTestRunner$HelperTestRunner$1.evaluate(RobolectricTestRunner.java:589)
	at org.robolectric.internal.SandboxTestRunner$2.lambda$evaluate$2(SandboxTestRunner.java:290)
	at org.robolectric.internal.bytecode.Sandbox.lambda$runOnMainThread$0(Sandbox.java:99)
	at java.base/java.util.concurrent.FutureTask.run(FutureTask.java:264)
	at java.base/java.util.concurrent.ThreadPoolExecutor.runWorker(ThreadPoolExecutor.java:1136)
	at java.base/java.util.concurrent.ThreadPoolExecutor$Worker.run(ThreadPoolExecutor.java:635)
	at java.base/java.lang.Thread.run(Thread.java:840)
</failure>
  </testcase>
  <testcase name="testCancelSession_NoSession" classname="mitra.cristianmarques.facetec.FaceTecModuleTest" time="0.049"/>
  <testcase name="testInitializeSDK_EmptyLicenseKey" classname="mitra.cristianmarques.facetec.FaceTecModuleTest" time="0.049"/>
  <testcase name="testInitializeSDK_MissingLicenseKey" classname="mitra.cristianmarques.facetec.FaceTecModuleTest" time="0.038"/>
  <testcase name="testGetCurrentSessionId_NoSession" classname="mitra.cristianmarques.facetec.FaceTecModuleTest" time="0.047"/>
  <testcase name="testStartVerification_Success" classname="mitra.cristianmarques.facetec.FaceTecModuleTest" time="0.043">
    <failure message="java.lang.NoClassDefFoundError: Could not initialize class com.facebook.react.bridge.WritableNativeMap" type="java.lang.NoClassDefFoundError">java.lang.NoClassDefFoundError: Could not initialize class com.facebook.react.bridge.WritableNativeMap
	at com.facebook.react.bridge.Arguments.createMap(Arguments.java:159)
	at mitra.cristianmarques.facetec.FaceTecModule.initializeSDK(FaceTecModule.java:61)
	at mitra.cristianmarques.facetec.FaceTecModuleTest.testStartVerification_Success(FaceTecModuleTest.java:144)
	at java.base/jdk.internal.reflect.NativeMethodAccessorImpl.invoke0(Native Method)
	at java.base/jdk.internal.reflect.NativeMethodAccessorImpl.invoke(NativeMethodAccessorImpl.java:77)
	at java.base/jdk.internal.reflect.DelegatingMethodAccessorImpl.invoke(DelegatingMethodAccessorImpl.java:43)
	at java.base/java.lang.reflect.Method.invoke(Method.java:569)
	at org.junit.runners.model.FrameworkMethod$1.runReflectiveCall(FrameworkMethod.java:59)
	at org.junit.internal.runners.model.ReflectiveCallable.run(ReflectiveCallable.java:12)
	at org.junit.runners.model.FrameworkMethod.invokeExplosively(FrameworkMethod.java:56)
	at org.junit.internal.runners.statements.InvokeMethod.evaluate(InvokeMethod.java:17)
	at org.junit.internal.runners.statements.RunBefores.evaluate(RunBefores.java:26)
	at org.junit.runners.ParentRunner$3.evaluate(ParentRunner.java:306)
	at org.robolectric.RobolectricTestRunner$HelperTestRunner$1.evaluate(RobolectricTestRunner.java:589)
	at org.robolectric.internal.SandboxTestRunner$2.lambda$evaluate$2(SandboxTestRunner.java:290)
	at org.robolectric.internal.bytecode.Sandbox.lambda$runOnMainThread$0(Sandbox.java:99)
	at java.base/java.util.concurrent.FutureTask.run(FutureTask.java:264)
	at java.base/java.util.concurrent.ThreadPoolExecutor.runWorker(ThreadPoolExecutor.java:1136)
	at java.base/java.util.concurrent.ThreadPoolExecutor$Worker.run(ThreadPoolExecutor.java:635)
	at java.base/java.lang.Thread.run(Thread.java:840)
Caused by: java.lang.ExceptionInInitializerError: Exception java.lang.UnsatisfiedLinkError: no reactnativejni in java.library.path: /Users/cristian/Library/Java/Extensions:/Library/Java/Extensions:/Network/Library/Java/Extensions:/System/Library/Java/Extensions:/usr/lib/java:. [in thread &quot;SDK 28 Main Thread&quot;]
	at java.base/java.lang.ClassLoader.loadLibrary(ClassLoader.java:2434)
	at java.base/java.lang.Runtime.loadLibrary0(Runtime.java:818)
	at java.base/java.lang.System.loadLibrary(System.java:2006)
	at com.facebook.soloader.SoLoader.loadLibraryOnNonAndroid(SoLoader.java:926)
	at com.facebook.soloader.SoLoader.loadLibrary(SoLoader.java:882)
	at com.facebook.soloader.SoLoader.loadLibrary(SoLoader.java:869)
	at com.facebook.react.bridge.ReactBridge.staticInit(ReactBridge.java:34)
	at com.facebook.react.bridge.NativeMap.&lt;clinit&gt;(NativeMap.java:17)
	at com.facebook.react.bridge.Arguments.createMap(Arguments.java:159)
	at mitra.cristianmarques.facetec.FaceTecModule.getDeviceInfo(FaceTecModule.java:233)
	at mitra.cristianmarques.facetec.FaceTecModuleTest.testGetDeviceInfo(FaceTecModuleTest.java:230)
	... 17 more
</failure>
  </testcase>
  <testcase name="testIsSDKInitialized_BeforeInit" classname="mitra.cristianmarques.facetec.FaceTecModuleTest" time="0.047"/>
  <testcase name="testGetName" classname="mitra.cristianmarques.facetec.FaceTecModuleTest" time="0.039"/>
  <testcase name="testCancelSession_WithSession" classname="mitra.cristianmarques.facetec.FaceTecModuleTest" time="0.041">
    <failure message="java.lang.NoClassDefFoundError: Could not initialize class com.facebook.react.bridge.WritableNativeMap" type="java.lang.NoClassDefFoundError">java.lang.NoClassDefFoundError: Could not initialize class com.facebook.react.bridge.WritableNativeMap
	at com.facebook.react.bridge.Arguments.createMap(Arguments.java:159)
	at mitra.cristianmarques.facetec.FaceTecModule.initializeSDK(FaceTecModule.java:61)
	at mitra.cristianmarques.facetec.FaceTecModuleTest.testCancelSession_WithSession(FaceTecModuleTest.java:206)
	at java.base/jdk.internal.reflect.NativeMethodAccessorImpl.invoke0(Native Method)
	at java.base/jdk.internal.reflect.NativeMethodAccessorImpl.invoke(NativeMethodAccessorImpl.java:77)
	at java.base/jdk.internal.reflect.DelegatingMethodAccessorImpl.invoke(DelegatingMethodAccessorImpl.java:43)
	at java.base/java.lang.reflect.Method.invoke(Method.java:569)
	at org.junit.runners.model.FrameworkMethod$1.runReflectiveCall(FrameworkMethod.java:59)
	at org.junit.internal.runners.model.ReflectiveCallable.run(ReflectiveCallable.java:12)
	at org.junit.runners.model.FrameworkMethod.invokeExplosively(FrameworkMethod.java:56)
	at org.junit.internal.runners.statements.InvokeMethod.evaluate(InvokeMethod.java:17)
	at org.junit.internal.runners.statements.RunBefores.evaluate(RunBefores.java:26)
	at org.junit.runners.ParentRunner$3.evaluate(ParentRunner.java:306)
	at org.robolectric.RobolectricTestRunner$HelperTestRunner$1.evaluate(RobolectricTestRunner.java:589)
	at org.robolectric.internal.SandboxTestRunner$2.lambda$evaluate$2(SandboxTestRunner.java:290)
	at org.robolectric.internal.bytecode.Sandbox.lambda$runOnMainThread$0(Sandbox.java:99)
	at java.base/java.util.concurrent.FutureTask.run(FutureTask.java:264)
	at java.base/java.util.concurrent.ThreadPoolExecutor.runWorker(ThreadPoolExecutor.java:1136)
	at java.base/java.util.concurrent.ThreadPoolExecutor$Worker.run(ThreadPoolExecutor.java:635)
	at java.base/java.lang.Thread.run(Thread.java:840)
Caused by: java.lang.ExceptionInInitializerError: Exception java.lang.UnsatisfiedLinkError: no reactnativejni in java.library.path: /Users/cristian/Library/Java/Extensions:/Library/Java/Extensions:/Network/Library/Java/Extensions:/System/Library/Java/Extensions:/usr/lib/java:. [in thread &quot;SDK 28 Main Thread&quot;]
	at java.base/java.lang.ClassLoader.loadLibrary(ClassLoader.java:2434)
	at java.base/java.lang.Runtime.loadLibrary0(Runtime.java:818)
	at java.base/java.lang.System.loadLibrary(System.java:2006)
	at com.facebook.soloader.SoLoader.loadLibraryOnNonAndroid(SoLoader.java:926)
	at com.facebook.soloader.SoLoader.loadLibrary(SoLoader.java:882)
	at com.facebook.soloader.SoLoader.loadLibrary(SoLoader.java:869)
	at com.facebook.react.bridge.ReactBridge.staticInit(ReactBridge.java:34)
	at com.facebook.react.bridge.NativeMap.&lt;clinit&gt;(NativeMap.java:17)
	at com.facebook.react.bridge.Arguments.createMap(Arguments.java:159)
	at mitra.cristianmarques.facetec.FaceTecModule.getDeviceInfo(FaceTecModule.java:233)
	at mitra.cristianmarques.facetec.FaceTecModuleTest.testGetDeviceInfo(FaceTecModuleTest.java:230)
	... 17 more
</failure>
  </testcase>
  <testcase name="testGetSessionStatus_WithSession" classname="mitra.cristianmarques.facetec.FaceTecModuleTest" time="0.032">
    <failure message="java.lang.NoClassDefFoundError: Could not initialize class com.facebook.react.bridge.WritableNativeMap" type="java.lang.NoClassDefFoundError">java.lang.NoClassDefFoundError: Could not initialize class com.facebook.react.bridge.WritableNativeMap
	at com.facebook.react.bridge.Arguments.createMap(Arguments.java:159)
	at mitra.cristianmarques.facetec.FaceTecModule.initializeSDK(FaceTecModule.java:61)
	at mitra.cristianmarques.facetec.FaceTecModuleTest.testGetSessionStatus_WithSession(FaceTecModuleTest.java:184)
	at java.base/jdk.internal.reflect.NativeMethodAccessorImpl.invoke0(Native Method)
	at java.base/jdk.internal.reflect.NativeMethodAccessorImpl.invoke(NativeMethodAccessorImpl.java:77)
	at java.base/jdk.internal.reflect.DelegatingMethodAccessorImpl.invoke(DelegatingMethodAccessorImpl.java:43)
	at java.base/java.lang.reflect.Method.invoke(Method.java:569)
	at org.junit.runners.model.FrameworkMethod$1.runReflectiveCall(FrameworkMethod.java:59)
	at org.junit.internal.runners.model.ReflectiveCallable.run(ReflectiveCallable.java:12)
	at org.junit.runners.model.FrameworkMethod.invokeExplosively(FrameworkMethod.java:56)
	at org.junit.internal.runners.statements.InvokeMethod.evaluate(InvokeMethod.java:17)
	at org.junit.internal.runners.statements.RunBefores.evaluate(RunBefores.java:26)
	at org.junit.runners.ParentRunner$3.evaluate(ParentRunner.java:306)
	at org.robolectric.RobolectricTestRunner$HelperTestRunner$1.evaluate(RobolectricTestRunner.java:589)
	at org.robolectric.internal.SandboxTestRunner$2.lambda$evaluate$2(SandboxTestRunner.java:290)
	at org.robolectric.internal.bytecode.Sandbox.lambda$runOnMainThread$0(Sandbox.java:99)
	at java.base/java.util.concurrent.FutureTask.run(FutureTask.java:264)
	at java.base/java.util.concurrent.ThreadPoolExecutor.runWorker(ThreadPoolExecutor.java:1136)
	at java.base/java.util.concurrent.ThreadPoolExecutor$Worker.run(ThreadPoolExecutor.java:635)
	at java.base/java.lang.Thread.run(Thread.java:840)
Caused by: java.lang.ExceptionInInitializerError: Exception java.lang.UnsatisfiedLinkError: no reactnativejni in java.library.path: /Users/cristian/Library/Java/Extensions:/Library/Java/Extensions:/Network/Library/Java/Extensions:/System/Library/Java/Extensions:/usr/lib/java:. [in thread &quot;SDK 28 Main Thread&quot;]
	at java.base/java.lang.ClassLoader.loadLibrary(ClassLoader.java:2434)
	at java.base/java.lang.Runtime.loadLibrary0(Runtime.java:818)
	at java.base/java.lang.System.loadLibrary(System.java:2006)
	at com.facebook.soloader.SoLoader.loadLibraryOnNonAndroid(SoLoader.java:926)
	at com.facebook.soloader.SoLoader.loadLibrary(SoLoader.java:882)
	at com.facebook.soloader.SoLoader.loadLibrary(SoLoader.java:869)
	at com.facebook.react.bridge.ReactBridge.staticInit(ReactBridge.java:34)
	at com.facebook.react.bridge.NativeMap.&lt;clinit&gt;(NativeMap.java:17)
	at com.facebook.react.bridge.Arguments.createMap(Arguments.java:159)
	at mitra.cristianmarques.facetec.FaceTecModule.getDeviceInfo(FaceTecModule.java:233)
	at mitra.cristianmarques.facetec.FaceTecModuleTest.testGetDeviceInfo(FaceTecModuleTest.java:230)
	... 17 more
</failure>
  </testcase>
  <testcase name="testFullWorkflow" classname="mitra.cristianmarques.facetec.FaceTecModuleTest" time="0.031">
    <failure message="java.lang.NoClassDefFoundError: Could not initialize class com.facebook.react.bridge.WritableNativeMap" type="java.lang.NoClassDefFoundError">java.lang.NoClassDefFoundError: Could not initialize class com.facebook.react.bridge.WritableNativeMap
	at com.facebook.react.bridge.Arguments.createMap(Arguments.java:159)
	at mitra.cristianmarques.facetec.FaceTecModule.initializeSDK(FaceTecModule.java:61)
	at mitra.cristianmarques.facetec.FaceTecModuleTest.testFullWorkflow(FaceTecModuleTest.java:336)
	at java.base/jdk.internal.reflect.NativeMethodAccessorImpl.invoke0(Native Method)
	at java.base/jdk.internal.reflect.NativeMethodAccessorImpl.invoke(NativeMethodAccessorImpl.java:77)
	at java.base/jdk.internal.reflect.DelegatingMethodAccessorImpl.invoke(DelegatingMethodAccessorImpl.java:43)
	at java.base/java.lang.reflect.Method.invoke(Method.java:569)
	at org.junit.runners.model.FrameworkMethod$1.runReflectiveCall(FrameworkMethod.java:59)
	at org.junit.internal.runners.model.ReflectiveCallable.run(ReflectiveCallable.java:12)
	at org.junit.runners.model.FrameworkMethod.invokeExplosively(FrameworkMethod.java:56)
	at org.junit.internal.runners.statements.InvokeMethod.evaluate(InvokeMethod.java:17)
	at org.junit.internal.runners.statements.RunBefores.evaluate(RunBefores.java:26)
	at org.junit.runners.ParentRunner$3.evaluate(ParentRunner.java:306)
	at org.robolectric.RobolectricTestRunner$HelperTestRunner$1.evaluate(RobolectricTestRunner.java:589)
	at org.robolectric.internal.SandboxTestRunner$2.lambda$evaluate$2(SandboxTestRunner.java:290)
	at org.robolectric.internal.bytecode.Sandbox.lambda$runOnMainThread$0(Sandbox.java:99)
	at java.base/java.util.concurrent.FutureTask.run(FutureTask.java:264)
	at java.base/java.util.concurrent.ThreadPoolExecutor.runWorker(ThreadPoolExecutor.java:1136)
	at java.base/java.util.concurrent.ThreadPoolExecutor$Worker.run(ThreadPoolExecutor.java:635)
	at java.base/java.lang.Thread.run(Thread.java:840)
Caused by: java.lang.ExceptionInInitializerError: Exception java.lang.UnsatisfiedLinkError: no reactnativejni in java.library.path: /Users/cristian/Library/Java/Extensions:/Library/Java/Extensions:/Network/Library/Java/Extensions:/System/Library/Java/Extensions:/usr/lib/java:. [in thread &quot;SDK 28 Main Thread&quot;]
	at java.base/java.lang.ClassLoader.loadLibrary(ClassLoader.java:2434)
	at java.base/java.lang.Runtime.loadLibrary0(Runtime.java:818)
	at java.base/java.lang.System.loadLibrary(System.java:2006)
	at com.facebook.soloader.SoLoader.loadLibraryOnNonAndroid(SoLoader.java:926)
	at com.facebook.soloader.SoLoader.loadLibrary(SoLoader.java:882)
	at com.facebook.soloader.SoLoader.loadLibrary(SoLoader.java:869)
	at com.facebook.react.bridge.ReactBridge.staticInit(ReactBridge.java:34)
	at com.facebook.react.bridge.NativeMap.&lt;clinit&gt;(NativeMap.java:17)
	at com.facebook.react.bridge.Arguments.createMap(Arguments.java:159)
	at mitra.cristianmarques.facetec.FaceTecModule.getDeviceInfo(FaceTecModule.java:233)
	at mitra.cristianmarques.facetec.FaceTecModuleTest.testGetDeviceInfo(FaceTecModuleTest.java:230)
	... 17 more
</failure>
  </testcase>
  <testcase name="testUpdateConfig_Success" classname="mitra.cristianmarques.facetec.FaceTecModuleTest" time="0.03">
    <failure message="java.lang.NoClassDefFoundError: Could not initialize class com.facebook.react.bridge.WritableNativeMap" type="java.lang.NoClassDefFoundError">java.lang.NoClassDefFoundError: Could not initialize class com.facebook.react.bridge.WritableNativeMap
	at com.facebook.react.bridge.Arguments.createMap(Arguments.java:159)
	at mitra.cristianmarques.facetec.FaceTecModule.initializeSDK(FaceTecModule.java:61)
	at mitra.cristianmarques.facetec.FaceTecModuleTest.testUpdateConfig_Success(FaceTecModuleTest.java:250)
	at java.base/jdk.internal.reflect.NativeMethodAccessorImpl.invoke0(Native Method)
	at java.base/jdk.internal.reflect.NativeMethodAccessorImpl.invoke(NativeMethodAccessorImpl.java:77)
	at java.base/jdk.internal.reflect.DelegatingMethodAccessorImpl.invoke(DelegatingMethodAccessorImpl.java:43)
	at java.base/java.lang.reflect.Method.invoke(Method.java:569)
	at org.junit.runners.model.FrameworkMethod$1.runReflectiveCall(FrameworkMethod.java:59)
	at org.junit.internal.runners.model.ReflectiveCallable.run(ReflectiveCallable.java:12)
	at org.junit.runners.model.FrameworkMethod.invokeExplosively(FrameworkMethod.java:56)
	at org.junit.internal.runners.statements.InvokeMethod.evaluate(InvokeMethod.java:17)
	at org.junit.internal.runners.statements.RunBefores.evaluate(RunBefores.java:26)
	at org.junit.runners.ParentRunner$3.evaluate(ParentRunner.java:306)
	at org.robolectric.RobolectricTestRunner$HelperTestRunner$1.evaluate(RobolectricTestRunner.java:589)
	at org.robolectric.internal.SandboxTestRunner$2.lambda$evaluate$2(SandboxTestRunner.java:290)
	at org.robolectric.internal.bytecode.Sandbox.lambda$runOnMainThread$0(Sandbox.java:99)
	at java.base/java.util.concurrent.FutureTask.run(FutureTask.java:264)
	at java.base/java.util.concurrent.ThreadPoolExecutor.runWorker(ThreadPoolExecutor.java:1136)
	at java.base/java.util.concurrent.ThreadPoolExecutor$Worker.run(ThreadPoolExecutor.java:635)
	at java.base/java.lang.Thread.run(Thread.java:840)
Caused by: java.lang.ExceptionInInitializerError: Exception java.lang.UnsatisfiedLinkError: no reactnativejni in java.library.path: /Users/cristian/Library/Java/Extensions:/Library/Java/Extensions:/Network/Library/Java/Extensions:/System/Library/Java/Extensions:/usr/lib/java:. [in thread &quot;SDK 28 Main Thread&quot;]
	at java.base/java.lang.ClassLoader.loadLibrary(ClassLoader.java:2434)
	at java.base/java.lang.Runtime.loadLibrary0(Runtime.java:818)
	at java.base/java.lang.System.loadLibrary(System.java:2006)
	at com.facebook.soloader.SoLoader.loadLibraryOnNonAndroid(SoLoader.java:926)
	at com.facebook.soloader.SoLoader.loadLibrary(SoLoader.java:882)
	at com.facebook.soloader.SoLoader.loadLibrary(SoLoader.java:869)
	at com.facebook.react.bridge.ReactBridge.staticInit(ReactBridge.java:34)
	at com.facebook.react.bridge.NativeMap.&lt;clinit&gt;(NativeMap.java:17)
	at com.facebook.react.bridge.Arguments.createMap(Arguments.java:159)
	at mitra.cristianmarques.facetec.FaceTecModule.getDeviceInfo(FaceTecModule.java:233)
	at mitra.cristianmarques.facetec.FaceTecModuleTest.testGetDeviceInfo(FaceTecModuleTest.java:230)
	... 17 more
</failure>
  </testcase>
  <testcase name="testGetCurrentSessionId_WithSession" classname="mitra.cristianmarques.facetec.FaceTecModuleTest" time="0.034">
    <failure message="java.lang.NoClassDefFoundError: Could not initialize class com.facebook.react.bridge.WritableNativeMap" type="java.lang.NoClassDefFoundError">java.lang.NoClassDefFoundError: Could not initialize class com.facebook.react.bridge.WritableNativeMap
	at com.facebook.react.bridge.Arguments.createMap(Arguments.java:159)
	at mitra.cristianmarques.facetec.FaceTecModule.initializeSDK(FaceTecModule.java:61)
	at mitra.cristianmarques.facetec.FaceTecModuleTest.testGetCurrentSessionId_WithSession(FaceTecModuleTest.java:310)
	at java.base/jdk.internal.reflect.NativeMethodAccessorImpl.invoke0(Native Method)
	at java.base/jdk.internal.reflect.NativeMethodAccessorImpl.invoke(NativeMethodAccessorImpl.java:77)
	at java.base/jdk.internal.reflect.DelegatingMethodAccessorImpl.invoke(DelegatingMethodAccessorImpl.java:43)
	at java.base/java.lang.reflect.Method.invoke(Method.java:569)
	at org.junit.runners.model.FrameworkMethod$1.runReflectiveCall(FrameworkMethod.java:59)
	at org.junit.internal.runners.model.ReflectiveCallable.run(ReflectiveCallable.java:12)
	at org.junit.runners.model.FrameworkMethod.invokeExplosively(FrameworkMethod.java:56)
	at org.junit.internal.runners.statements.InvokeMethod.evaluate(InvokeMethod.java:17)
	at org.junit.internal.runners.statements.RunBefores.evaluate(RunBefores.java:26)
	at org.junit.runners.ParentRunner$3.evaluate(ParentRunner.java:306)
	at org.robolectric.RobolectricTestRunner$HelperTestRunner$1.evaluate(RobolectricTestRunner.java:589)
	at org.robolectric.internal.SandboxTestRunner$2.lambda$evaluate$2(SandboxTestRunner.java:290)
	at org.robolectric.internal.bytecode.Sandbox.lambda$runOnMainThread$0(Sandbox.java:99)
	at java.base/java.util.concurrent.FutureTask.run(FutureTask.java:264)
	at java.base/java.util.concurrent.ThreadPoolExecutor.runWorker(ThreadPoolExecutor.java:1136)
	at java.base/java.util.concurrent.ThreadPoolExecutor$Worker.run(ThreadPoolExecutor.java:635)
	at java.base/java.lang.Thread.run(Thread.java:840)
Caused by: java.lang.ExceptionInInitializerError: Exception java.lang.UnsatisfiedLinkError: no reactnativejni in java.library.path: /Users/cristian/Library/Java/Extensions:/Library/Java/Extensions:/Network/Library/Java/Extensions:/System/Library/Java/Extensions:/usr/lib/java:. [in thread &quot;SDK 28 Main Thread&quot;]
	at java.base/java.lang.ClassLoader.loadLibrary(ClassLoader.java:2434)
	at java.base/java.lang.Runtime.loadLibrary0(Runtime.java:818)
	at java.base/java.lang.System.loadLibrary(System.java:2006)
	at com.facebook.soloader.SoLoader.loadLibraryOnNonAndroid(SoLoader.java:926)
	at com.facebook.soloader.SoLoader.loadLibrary(SoLoader.java:882)
	at com.facebook.soloader.SoLoader.loadLibrary(SoLoader.java:869)
	at com.facebook.react.bridge.ReactBridge.staticInit(ReactBridge.java:34)
	at com.facebook.react.bridge.NativeMap.&lt;clinit&gt;(NativeMap.java:17)
	at com.facebook.react.bridge.Arguments.createMap(Arguments.java:159)
	at mitra.cristianmarques.facetec.FaceTecModule.getDeviceInfo(FaceTecModule.java:233)
	at mitra.cristianmarques.facetec.FaceTecModuleTest.testGetDeviceInfo(FaceTecModuleTest.java:230)
	... 17 more
</failure>
  </testcase>
  <testcase name="testInitializeSDK_Success" classname="mitra.cristianmarques.facetec.FaceTecModuleTest" time="0.045">
    <failure message="java.lang.NoClassDefFoundError: Could not initialize class com.facebook.react.bridge.WritableNativeMap" type="java.lang.NoClassDefFoundError">java.lang.NoClassDefFoundError: Could not initialize class com.facebook.react.bridge.WritableNativeMap
	at com.facebook.react.bridge.Arguments.createMap(Arguments.java:159)
	at mitra.cristianmarques.facetec.FaceTecModule.initializeSDK(FaceTecModule.java:61)
	at mitra.cristianmarques.facetec.FaceTecModuleTest.testInitializeSDK_Success(FaceTecModuleTest.java:78)
	at java.base/jdk.internal.reflect.NativeMethodAccessorImpl.invoke0(Native Method)
	at java.base/jdk.internal.reflect.NativeMethodAccessorImpl.invoke(NativeMethodAccessorImpl.java:77)
	at java.base/jdk.internal.reflect.DelegatingMethodAccessorImpl.invoke(DelegatingMethodAccessorImpl.java:43)
	at java.base/java.lang.reflect.Method.invoke(Method.java:569)
	at org.junit.runners.model.FrameworkMethod$1.runReflectiveCall(FrameworkMethod.java:59)
	at org.junit.internal.runners.model.ReflectiveCallable.run(ReflectiveCallable.java:12)
	at org.junit.runners.model.FrameworkMethod.invokeExplosively(FrameworkMethod.java:56)
	at org.junit.internal.runners.statements.InvokeMethod.evaluate(InvokeMethod.java:17)
	at org.junit.internal.runners.statements.RunBefores.evaluate(RunBefores.java:26)
	at org.junit.runners.ParentRunner$3.evaluate(ParentRunner.java:306)
	at org.robolectric.RobolectricTestRunner$HelperTestRunner$1.evaluate(RobolectricTestRunner.java:589)
	at org.robolectric.internal.SandboxTestRunner$2.lambda$evaluate$2(SandboxTestRunner.java:290)
	at org.robolectric.internal.bytecode.Sandbox.lambda$runOnMainThread$0(Sandbox.java:99)
	at java.base/java.util.concurrent.FutureTask.run(FutureTask.java:264)
	at java.base/java.util.concurrent.ThreadPoolExecutor.runWorker(ThreadPoolExecutor.java:1136)
	at java.base/java.util.concurrent.ThreadPoolExecutor$Worker.run(ThreadPoolExecutor.java:635)
	at java.base/java.lang.Thread.run(Thread.java:840)
Caused by: java.lang.ExceptionInInitializerError: Exception java.lang.UnsatisfiedLinkError: no reactnativejni in java.library.path: /Users/cristian/Library/Java/Extensions:/Library/Java/Extensions:/Network/Library/Java/Extensions:/System/Library/Java/Extensions:/usr/lib/java:. [in thread &quot;SDK 28 Main Thread&quot;]
	at java.base/java.lang.ClassLoader.loadLibrary(ClassLoader.java:2434)
	at java.base/java.lang.Runtime.loadLibrary0(Runtime.java:818)
	at java.base/java.lang.System.loadLibrary(System.java:2006)
	at com.facebook.soloader.SoLoader.loadLibraryOnNonAndroid(SoLoader.java:926)
	at com.facebook.soloader.SoLoader.loadLibrary(SoLoader.java:882)
	at com.facebook.soloader.SoLoader.loadLibrary(SoLoader.java:869)
	at com.facebook.react.bridge.ReactBridge.staticInit(ReactBridge.java:34)
	at com.facebook.react.bridge.NativeMap.&lt;clinit&gt;(NativeMap.java:17)
	at com.facebook.react.bridge.Arguments.createMap(Arguments.java:159)
	at mitra.cristianmarques.facetec.FaceTecModule.getDeviceInfo(FaceTecModule.java:233)
	at mitra.cristianmarques.facetec.FaceTecModuleTest.testGetDeviceInfo(FaceTecModuleTest.java:230)
	... 17 more
</failure>
  </testcase>
  <testcase name="testClearSessionData" classname="mitra.cristianmarques.facetec.FaceTecModuleTest" time="0.056">
    <failure message="java.lang.NoClassDefFoundError: Could not initialize class com.facebook.react.bridge.WritableNativeMap" type="java.lang.NoClassDefFoundError">java.lang.NoClassDefFoundError: Could not initialize class com.facebook.react.bridge.WritableNativeMap
	at com.facebook.react.bridge.Arguments.createMap(Arguments.java:159)
	at mitra.cristianmarques.facetec.FaceTecModule.clearSessionData(FaceTecModule.java:374)
	at mitra.cristianmarques.facetec.FaceTecModuleTest.testClearSessionData(FaceTecModuleTest.java:324)
	at java.base/jdk.internal.reflect.NativeMethodAccessorImpl.invoke0(Native Method)
	at java.base/jdk.internal.reflect.NativeMethodAccessorImpl.invoke(NativeMethodAccessorImpl.java:77)
	at java.base/jdk.internal.reflect.DelegatingMethodAccessorImpl.invoke(DelegatingMethodAccessorImpl.java:43)
	at java.base/java.lang.reflect.Method.invoke(Method.java:569)
	at org.junit.runners.model.FrameworkMethod$1.runReflectiveCall(FrameworkMethod.java:59)
	at org.junit.internal.runners.model.ReflectiveCallable.run(ReflectiveCallable.java:12)
	at org.junit.runners.model.FrameworkMethod.invokeExplosively(FrameworkMethod.java:56)
	at org.junit.internal.runners.statements.InvokeMethod.evaluate(InvokeMethod.java:17)
	at org.junit.internal.runners.statements.RunBefores.evaluate(RunBefores.java:26)
	at org.junit.runners.ParentRunner$3.evaluate(ParentRunner.java:306)
	at org.robolectric.RobolectricTestRunner$HelperTestRunner$1.evaluate(RobolectricTestRunner.java:589)
	at org.robolectric.internal.SandboxTestRunner$2.lambda$evaluate$2(SandboxTestRunner.java:290)
	at org.robolectric.internal.bytecode.Sandbox.lambda$runOnMainThread$0(Sandbox.java:99)
	at java.base/java.util.concurrent.FutureTask.run(FutureTask.java:264)
	at java.base/java.util.concurrent.ThreadPoolExecutor.runWorker(ThreadPoolExecutor.java:1136)
	at java.base/java.util.concurrent.ThreadPoolExecutor$Worker.run(ThreadPoolExecutor.java:635)
	at java.base/java.lang.Thread.run(Thread.java:840)
Caused by: java.lang.ExceptionInInitializerError: Exception java.lang.UnsatisfiedLinkError: no reactnativejni in java.library.path: /Users/cristian/Library/Java/Extensions:/Library/Java/Extensions:/Network/Library/Java/Extensions:/System/Library/Java/Extensions:/usr/lib/java:. [in thread &quot;SDK 28 Main Thread&quot;]
	at java.base/java.lang.ClassLoader.loadLibrary(ClassLoader.java:2434)
	at java.base/java.lang.Runtime.loadLibrary0(Runtime.java:818)
	at java.base/java.lang.System.loadLibrary(System.java:2006)
	at com.facebook.soloader.SoLoader.loadLibraryOnNonAndroid(SoLoader.java:926)
	at com.facebook.soloader.SoLoader.loadLibrary(SoLoader.java:882)
	at com.facebook.soloader.SoLoader.loadLibrary(SoLoader.java:869)
	at com.facebook.react.bridge.ReactBridge.staticInit(ReactBridge.java:34)
	at com.facebook.react.bridge.NativeMap.&lt;clinit&gt;(NativeMap.java:17)
	at com.facebook.react.bridge.Arguments.createMap(Arguments.java:159)
	at mitra.cristianmarques.facetec.FaceTecModule.getDeviceInfo(FaceTecModule.java:233)
	at mitra.cristianmarques.facetec.FaceTecModuleTest.testGetDeviceInfo(FaceTecModuleTest.java:230)
	... 17 more
</failure>
  </testcase>
  <testcase name="testHasActiveSession_WithSession" classname="mitra.cristianmarques.facetec.FaceTecModuleTest" time="0.033">
    <failure message="java.lang.NoClassDefFoundError: Could not initialize class com.facebook.react.bridge.WritableNativeMap" type="java.lang.NoClassDefFoundError">java.lang.NoClassDefFoundError: Could not initialize class com.facebook.react.bridge.WritableNativeMap
	at com.facebook.react.bridge.Arguments.createMap(Arguments.java:159)
	at mitra.cristianmarques.facetec.FaceTecModule.initializeSDK(FaceTecModule.java:61)
	at mitra.cristianmarques.facetec.FaceTecModuleTest.testHasActiveSession_WithSession(FaceTecModuleTest.java:288)
	at java.base/jdk.internal.reflect.NativeMethodAccessorImpl.invoke0(Native Method)
	at java.base/jdk.internal.reflect.NativeMethodAccessorImpl.invoke(NativeMethodAccessorImpl.java:77)
	at java.base/jdk.internal.reflect.DelegatingMethodAccessorImpl.invoke(DelegatingMethodAccessorImpl.java:43)
	at java.base/java.lang.reflect.Method.invoke(Method.java:569)
	at org.junit.runners.model.FrameworkMethod$1.runReflectiveCall(FrameworkMethod.java:59)
	at org.junit.internal.runners.model.ReflectiveCallable.run(ReflectiveCallable.java:12)
	at org.junit.runners.model.FrameworkMethod.invokeExplosively(FrameworkMethod.java:56)
	at org.junit.internal.runners.statements.InvokeMethod.evaluate(InvokeMethod.java:17)
	at org.junit.internal.runners.statements.RunBefores.evaluate(RunBefores.java:26)
	at org.junit.runners.ParentRunner$3.evaluate(ParentRunner.java:306)
	at org.robolectric.RobolectricTestRunner$HelperTestRunner$1.evaluate(RobolectricTestRunner.java:589)
	at org.robolectric.internal.SandboxTestRunner$2.lambda$evaluate$2(SandboxTestRunner.java:290)
	at org.robolectric.internal.bytecode.Sandbox.lambda$runOnMainThread$0(Sandbox.java:99)
	at java.base/java.util.concurrent.FutureTask.run(FutureTask.java:264)
	at java.base/java.util.concurrent.ThreadPoolExecutor.runWorker(ThreadPoolExecutor.java:1136)
	at java.base/java.util.concurrent.ThreadPoolExecutor$Worker.run(ThreadPoolExecutor.java:635)
	at java.base/java.lang.Thread.run(Thread.java:840)
Caused by: java.lang.ExceptionInInitializerError: Exception java.lang.UnsatisfiedLinkError: no reactnativejni in java.library.path: /Users/cristian/Library/Java/Extensions:/Library/Java/Extensions:/Network/Library/Java/Extensions:/System/Library/Java/Extensions:/usr/lib/java:. [in thread &quot;SDK 28 Main Thread&quot;]
	at java.base/java.lang.ClassLoader.loadLibrary(ClassLoader.java:2434)
	at java.base/java.lang.Runtime.loadLibrary0(Runtime.java:818)
	at java.base/java.lang.System.loadLibrary(System.java:2006)
	at com.facebook.soloader.SoLoader.loadLibraryOnNonAndroid(SoLoader.java:926)
	at com.facebook.soloader.SoLoader.loadLibrary(SoLoader.java:882)
	at com.facebook.soloader.SoLoader.loadLibrary(SoLoader.java:869)
	at com.facebook.react.bridge.ReactBridge.staticInit(ReactBridge.java:34)
	at com.facebook.react.bridge.NativeMap.&lt;clinit&gt;(NativeMap.java:17)
	at com.facebook.react.bridge.Arguments.createMap(Arguments.java:159)
	at mitra.cristianmarques.facetec.FaceTecModule.getDeviceInfo(FaceTecModule.java:233)
	at mitra.cristianmarques.facetec.FaceTecModuleTest.testGetDeviceInfo(FaceTecModuleTest.java:230)
	... 17 more
</failure>
  </testcase>
  <testcase name="testGetConfig" classname="mitra.cristianmarques.facetec.FaceTecModuleTest" time="0.043">
    <failure message="java.lang.NoClassDefFoundError: Could not initialize class com.facebook.react.bridge.WritableNativeMap" type="java.lang.NoClassDefFoundError">java.lang.NoClassDefFoundError: Could not initialize class com.facebook.react.bridge.WritableNativeMap
	at com.facebook.react.bridge.Arguments.createMap(Arguments.java:159)
	at mitra.cristianmarques.facetec.FaceTecModule.getConfig(FaceTecModule.java:304)
	at mitra.cristianmarques.facetec.FaceTecModuleTest.testGetConfig(FaceTecModuleTest.java:264)
	at java.base/jdk.internal.reflect.NativeMethodAccessorImpl.invoke0(Native Method)
	at java.base/jdk.internal.reflect.NativeMethodAccessorImpl.invoke(NativeMethodAccessorImpl.java:77)
	at java.base/jdk.internal.reflect.DelegatingMethodAccessorImpl.invoke(DelegatingMethodAccessorImpl.java:43)
	at java.base/java.lang.reflect.Method.invoke(Method.java:569)
	at org.junit.runners.model.FrameworkMethod$1.runReflectiveCall(FrameworkMethod.java:59)
	at org.junit.internal.runners.model.ReflectiveCallable.run(ReflectiveCallable.java:12)
	at org.junit.runners.model.FrameworkMethod.invokeExplosively(FrameworkMethod.java:56)
	at org.junit.internal.runners.statements.InvokeMethod.evaluate(InvokeMethod.java:17)
	at org.junit.internal.runners.statements.RunBefores.evaluate(RunBefores.java:26)
	at org.junit.runners.ParentRunner$3.evaluate(ParentRunner.java:306)
	at org.robolectric.RobolectricTestRunner$HelperTestRunner$1.evaluate(RobolectricTestRunner.java:589)
	at org.robolectric.internal.SandboxTestRunner$2.lambda$evaluate$2(SandboxTestRunner.java:290)
	at org.robolectric.internal.bytecode.Sandbox.lambda$runOnMainThread$0(Sandbox.java:99)
	at java.base/java.util.concurrent.FutureTask.run(FutureTask.java:264)
	at java.base/java.util.concurrent.ThreadPoolExecutor.runWorker(ThreadPoolExecutor.java:1136)
	at java.base/java.util.concurrent.ThreadPoolExecutor$Worker.run(ThreadPoolExecutor.java:635)
	at java.base/java.lang.Thread.run(Thread.java:840)
Caused by: java.lang.ExceptionInInitializerError: Exception java.lang.UnsatisfiedLinkError: no reactnativejni in java.library.path: /Users/cristian/Library/Java/Extensions:/Library/Java/Extensions:/Network/Library/Java/Extensions:/System/Library/Java/Extensions:/usr/lib/java:. [in thread &quot;SDK 28 Main Thread&quot;]
	at java.base/java.lang.ClassLoader.loadLibrary(ClassLoader.java:2434)
	at java.base/java.lang.Runtime.loadLibrary0(Runtime.java:818)
	at java.base/java.lang.System.loadLibrary(System.java:2006)
	at com.facebook.soloader.SoLoader.loadLibraryOnNonAndroid(SoLoader.java:926)
	at com.facebook.soloader.SoLoader.loadLibrary(SoLoader.java:882)
	at com.facebook.soloader.SoLoader.loadLibrary(SoLoader.java:869)
	at com.facebook.react.bridge.ReactBridge.staticInit(ReactBridge.java:34)
	at com.facebook.react.bridge.NativeMap.&lt;clinit&gt;(NativeMap.java:17)
	at com.facebook.react.bridge.Arguments.createMap(Arguments.java:159)
	at mitra.cristianmarques.facetec.FaceTecModule.getDeviceInfo(FaceTecModule.java:233)
	at mitra.cristianmarques.facetec.FaceTecModuleTest.testGetDeviceInfo(FaceTecModuleTest.java:230)
	... 17 more
</failure>
  </testcase>
  <testcase name="testStartVerification_SDKNotInitialized" classname="mitra.cristianmarques.facetec.FaceTecModuleTest" time="0.032"/>
  <testcase name="testGetSessionStatus_NoSession" classname="mitra.cristianmarques.facetec.FaceTecModuleTest" time="0.026"/>
  <testcase name="testHasActiveSession_NoSession" classname="mitra.cristianmarques.facetec.FaceTecModuleTest" time="0.056"/>
  <testcase name="testIsSDKInitialized_AfterInit" classname="mitra.cristianmarques.facetec.FaceTecModuleTest" time="0.031">
    <failure message="java.lang.NoClassDefFoundError: Could not initialize class com.facebook.react.bridge.WritableNativeMap" type="java.lang.NoClassDefFoundError">java.lang.NoClassDefFoundError: Could not initialize class com.facebook.react.bridge.WritableNativeMap
	at com.facebook.react.bridge.Arguments.createMap(Arguments.java:159)
	at mitra.cristianmarques.facetec.FaceTecModule.initializeSDK(FaceTecModule.java:61)
	at mitra.cristianmarques.facetec.FaceTecModuleTest.testIsSDKInitialized_AfterInit(FaceTecModuleTest.java:116)
	at java.base/jdk.internal.reflect.NativeMethodAccessorImpl.invoke0(Native Method)
	at java.base/jdk.internal.reflect.NativeMethodAccessorImpl.invoke(NativeMethodAccessorImpl.java:77)
	at java.base/jdk.internal.reflect.DelegatingMethodAccessorImpl.invoke(DelegatingMethodAccessorImpl.java:43)
	at java.base/java.lang.reflect.Method.invoke(Method.java:569)
	at org.junit.runners.model.FrameworkMethod$1.runReflectiveCall(FrameworkMethod.java:59)
	at org.junit.internal.runners.model.ReflectiveCallable.run(ReflectiveCallable.java:12)
	at org.junit.runners.model.FrameworkMethod.invokeExplosively(FrameworkMethod.java:56)
	at org.junit.internal.runners.statements.InvokeMethod.evaluate(InvokeMethod.java:17)
	at org.junit.internal.runners.statements.RunBefores.evaluate(RunBefores.java:26)
	at org.junit.runners.ParentRunner$3.evaluate(ParentRunner.java:306)
	at org.robolectric.RobolectricTestRunner$HelperTestRunner$1.evaluate(RobolectricTestRunner.java:589)
	at org.robolectric.internal.SandboxTestRunner$2.lambda$evaluate$2(SandboxTestRunner.java:290)
	at org.robolectric.internal.bytecode.Sandbox.lambda$runOnMainThread$0(Sandbox.java:99)
	at java.base/java.util.concurrent.FutureTask.run(FutureTask.java:264)
	at java.base/java.util.concurrent.ThreadPoolExecutor.runWorker(ThreadPoolExecutor.java:1136)
	at java.base/java.util.concurrent.ThreadPoolExecutor$Worker.run(ThreadPoolExecutor.java:635)
	at java.base/java.lang.Thread.run(Thread.java:840)
Caused by: java.lang.ExceptionInInitializerError: Exception java.lang.UnsatisfiedLinkError: no reactnativejni in java.library.path: /Users/cristian/Library/Java/Extensions:/Library/Java/Extensions:/Network/Library/Java/Extensions:/System/Library/Java/Extensions:/usr/lib/java:. [in thread &quot;SDK 28 Main Thread&quot;]
	at java.base/java.lang.ClassLoader.loadLibrary(ClassLoader.java:2434)
	at java.base/java.lang.Runtime.loadLibrary0(Runtime.java:818)
	at java.base/java.lang.System.loadLibrary(System.java:2006)
	at com.facebook.soloader.SoLoader.loadLibraryOnNonAndroid(SoLoader.java:926)
	at com.facebook.soloader.SoLoader.loadLibrary(SoLoader.java:882)
	at com.facebook.soloader.SoLoader.loadLibrary(SoLoader.java:869)
	at com.facebook.react.bridge.ReactBridge.staticInit(ReactBridge.java:34)
	at com.facebook.react.bridge.NativeMap.&lt;clinit&gt;(NativeMap.java:17)
	at com.facebook.react.bridge.Arguments.createMap(Arguments.java:159)
	at mitra.cristianmarques.facetec.FaceTecModule.getDeviceInfo(FaceTecModule.java:233)
	at mitra.cristianmarques.facetec.FaceTecModuleTest.testGetDeviceInfo(FaceTecModuleTest.java:230)
	... 17 more
</failure>
  </testcase>
  <testcase name="testStartVerification_MissingSessionToken" classname="mitra.cristianmarques.facetec.FaceTecModuleTest" time="0.027">
    <failure message="java.lang.NoClassDefFoundError: Could not initialize class com.facebook.react.bridge.WritableNativeMap" type="java.lang.NoClassDefFoundError">java.lang.NoClassDefFoundError: Could not initialize class com.facebook.react.bridge.WritableNativeMap
	at com.facebook.react.bridge.Arguments.createMap(Arguments.java:159)
	at mitra.cristianmarques.facetec.FaceTecModule.initializeSDK(FaceTecModule.java:61)
	at mitra.cristianmarques.facetec.FaceTecModuleTest.testStartVerification_MissingSessionToken(FaceTecModuleTest.java:163)
	at java.base/jdk.internal.reflect.NativeMethodAccessorImpl.invoke0(Native Method)
	at java.base/jdk.internal.reflect.NativeMethodAccessorImpl.invoke(NativeMethodAccessorImpl.java:77)
	at java.base/jdk.internal.reflect.DelegatingMethodAccessorImpl.invoke(DelegatingMethodAccessorImpl.java:43)
	at java.base/java.lang.reflect.Method.invoke(Method.java:569)
	at org.junit.runners.model.FrameworkMethod$1.runReflectiveCall(FrameworkMethod.java:59)
	at org.junit.internal.runners.model.ReflectiveCallable.run(ReflectiveCallable.java:12)
	at org.junit.runners.model.FrameworkMethod.invokeExplosively(FrameworkMethod.java:56)
	at org.junit.internal.runners.statements.InvokeMethod.evaluate(InvokeMethod.java:17)
	at org.junit.internal.runners.statements.RunBefores.evaluate(RunBefores.java:26)
	at org.junit.runners.ParentRunner$3.evaluate(ParentRunner.java:306)
	at org.robolectric.RobolectricTestRunner$HelperTestRunner$1.evaluate(RobolectricTestRunner.java:589)
	at org.robolectric.internal.SandboxTestRunner$2.lambda$evaluate$2(SandboxTestRunner.java:290)
	at org.robolectric.internal.bytecode.Sandbox.lambda$runOnMainThread$0(Sandbox.java:99)
	at java.base/java.util.concurrent.FutureTask.run(FutureTask.java:264)
	at java.base/java.util.concurrent.ThreadPoolExecutor.runWorker(ThreadPoolExecutor.java:1136)
	at java.base/java.util.concurrent.ThreadPoolExecutor$Worker.run(ThreadPoolExecutor.java:635)
	at java.base/java.lang.Thread.run(Thread.java:840)
Caused by: java.lang.ExceptionInInitializerError: Exception java.lang.UnsatisfiedLinkError: no reactnativejni in java.library.path: /Users/cristian/Library/Java/Extensions:/Library/Java/Extensions:/Network/Library/Java/Extensions:/System/Library/Java/Extensions:/usr/lib/java:. [in thread &quot;SDK 28 Main Thread&quot;]
	at java.base/java.lang.ClassLoader.loadLibrary(ClassLoader.java:2434)
	at java.base/java.lang.Runtime.loadLibrary0(Runtime.java:818)
	at java.base/java.lang.System.loadLibrary(System.java:2006)
	at com.facebook.soloader.SoLoader.loadLibraryOnNonAndroid(SoLoader.java:926)
	at com.facebook.soloader.SoLoader.loadLibrary(SoLoader.java:882)
	at com.facebook.soloader.SoLoader.loadLibrary(SoLoader.java:869)
	at com.facebook.react.bridge.ReactBridge.staticInit(ReactBridge.java:34)
	at com.facebook.react.bridge.NativeMap.&lt;clinit&gt;(NativeMap.java:17)
	at com.facebook.react.bridge.Arguments.createMap(Arguments.java:159)
	at mitra.cristianmarques.facetec.FaceTecModule.getDeviceInfo(FaceTecModule.java:233)
	at mitra.cristianmarques.facetec.FaceTecModuleTest.testGetDeviceInfo(FaceTecModuleTest.java:230)
	... 17 more
</failure>
  </testcase>
  <testcase name="testIsDeviceSupported" classname="mitra.cristianmarques.facetec.FaceTecModuleTest" time="0.026">
    <failure message="java.lang.NoClassDefFoundError: Could not initialize class com.facebook.react.bridge.WritableNativeMap" type="java.lang.NoClassDefFoundError">java.lang.NoClassDefFoundError: Could not initialize class com.facebook.react.bridge.WritableNativeMap
	at com.facebook.react.bridge.Arguments.createMap(Arguments.java:159)
	at mitra.cristianmarques.facetec.FaceTecModule.isDeviceSupported(FaceTecModule.java:210)
	at mitra.cristianmarques.facetec.FaceTecModuleTest.testIsDeviceSupported(FaceTecModuleTest.java:224)
	at java.base/jdk.internal.reflect.NativeMethodAccessorImpl.invoke0(Native Method)
	at java.base/jdk.internal.reflect.NativeMethodAccessorImpl.invoke(NativeMethodAccessorImpl.java:77)
	at java.base/jdk.internal.reflect.DelegatingMethodAccessorImpl.invoke(DelegatingMethodAccessorImpl.java:43)
	at java.base/java.lang.reflect.Method.invoke(Method.java:569)
	at org.junit.runners.model.FrameworkMethod$1.runReflectiveCall(FrameworkMethod.java:59)
	at org.junit.internal.runners.model.ReflectiveCallable.run(ReflectiveCallable.java:12)
	at org.junit.runners.model.FrameworkMethod.invokeExplosively(FrameworkMethod.java:56)
	at org.junit.internal.runners.statements.InvokeMethod.evaluate(InvokeMethod.java:17)
	at org.junit.internal.runners.statements.RunBefores.evaluate(RunBefores.java:26)
	at org.junit.runners.ParentRunner$3.evaluate(ParentRunner.java:306)
	at org.robolectric.RobolectricTestRunner$HelperTestRunner$1.evaluate(RobolectricTestRunner.java:589)
	at org.robolectric.internal.SandboxTestRunner$2.lambda$evaluate$2(SandboxTestRunner.java:290)
	at org.robolectric.internal.bytecode.Sandbox.lambda$runOnMainThread$0(Sandbox.java:99)
	at java.base/java.util.concurrent.FutureTask.run(FutureTask.java:264)
	at java.base/java.util.concurrent.ThreadPoolExecutor.runWorker(ThreadPoolExecutor.java:1136)
	at java.base/java.util.concurrent.ThreadPoolExecutor$Worker.run(ThreadPoolExecutor.java:635)
	at java.base/java.lang.Thread.run(Thread.java:840)
Caused by: java.lang.ExceptionInInitializerError: Exception java.lang.UnsatisfiedLinkError: no reactnativejni in java.library.path: /Users/cristian/Library/Java/Extensions:/Library/Java/Extensions:/Network/Library/Java/Extensions:/System/Library/Java/Extensions:/usr/lib/java:. [in thread &quot;SDK 28 Main Thread&quot;]
	at java.base/java.lang.ClassLoader.loadLibrary(ClassLoader.java:2434)
	at java.base/java.lang.Runtime.loadLibrary0(Runtime.java:818)
	at java.base/java.lang.System.loadLibrary(System.java:2006)
	at com.facebook.soloader.SoLoader.loadLibraryOnNonAndroid(SoLoader.java:926)
	at com.facebook.soloader.SoLoader.loadLibrary(SoLoader.java:882)
	at com.facebook.soloader.SoLoader.loadLibrary(SoLoader.java:869)
	at com.facebook.react.bridge.ReactBridge.staticInit(ReactBridge.java:34)
	at com.facebook.react.bridge.NativeMap.&lt;clinit&gt;(NativeMap.java:17)
	at com.facebook.react.bridge.Arguments.createMap(Arguments.java:159)
	at mitra.cristianmarques.facetec.FaceTecModule.getDeviceInfo(FaceTecModule.java:233)
	at mitra.cristianmarques.facetec.FaceTecModuleTest.testGetDeviceInfo(FaceTecModuleTest.java:230)
	... 17 more
</failure>
  </testcase>
  <testcase name="testGetSDKVersion" classname="mitra.cristianmarques.facetec.FaceTecModuleTest" time="0.041"/>
  <testcase name="testModuleConstruction" classname="mitra.cristianmarques.facetec.FaceTecModuleTest" time="0.027"/>
  <system-out><![CDATA[Called loadFromPath(/system/framework/framework-res.apk, true); mode=binary sdk=28
]]></system-out>
  <system-err><![CDATA[]]></system-err>
</testsuite>
